#! /usr/bin/vvp
:ivl_version "10.1 (stable)";
:ivl_delay_selection "TYPICAL";
:vpi_time_precision + 0;
:vpi_module "system";
:vpi_module "vhdl_sys";
:vpi_module "v2005_math";
:vpi_module "va_math";
S_0x55e573767bd0 .scope module, "alu_core_tb" "alu_core_tb" 2 1;
 .timescale 0 0;
v0x55e5737887e0_0 .net "C", 0 0, v0x55e5737680c0_0;  1 drivers
v0x55e5737888a0_0 .var "Cin", 0 0;
v0x55e573788970_0 .net "DO", 31 0, v0x55e573787f60_0;  1 drivers
v0x55e573788a70_0 .var "M", 0 0;
v0x55e573788b40_0 .net "N", 0 0, v0x55e573788110_0;  1 drivers
v0x55e573788be0_0 .var "S", 3 0;
v0x55e573788cb0_0 .net "V", 0 0, v0x55e573788300_0;  1 drivers
v0x55e573788d80_0 .net "Z", 0 0, v0x55e5737883c0_0;  1 drivers
v0x55e573788e50_0 .var "opA", 31 0;
v0x55e573788f20_0 .var "opB", 31 0;
S_0x55e573767d50 .scope module, "dut" "alu_core" 2 20, 3 14 0, S_0x55e573767bd0;
 .timescale 0 0;
    .port_info 0 /INPUT 32 "opA"
    .port_info 1 /INPUT 32 "opB"
    .port_info 2 /INPUT 4 "S"
    .port_info 3 /INPUT 1 "M"
    .port_info 4 /INPUT 1 "Cin"
    .port_info 5 /OUTPUT 32 "DO"
    .port_info 6 /OUTPUT 1 "C"
    .port_info 7 /OUTPUT 1 "V"
    .port_info 8 /OUTPUT 1 "N"
    .port_info 9 /OUTPUT 1 "Z"
P_0x55e573767f20 .param/l "n" 0 3 15, +C4<00000000000000000000000000100000>;
v0x55e5737680c0_0 .var "C", 0 0;
v0x55e573787ea0_0 .net "Cin", 0 0, v0x55e5737888a0_0;  1 drivers
v0x55e573787f60_0 .var "DO", 31 0;
v0x55e573788050_0 .net "M", 0 0, v0x55e573788a70_0;  1 drivers
v0x55e573788110_0 .var "N", 0 0;
v0x55e573788220_0 .net "S", 3 0, v0x55e573788be0_0;  1 drivers
v0x55e573788300_0 .var "V", 0 0;
v0x55e5737883c0_0 .var "Z", 0 0;
v0x55e573788480_0 .net "opA", 31 0, v0x55e573788e50_0;  1 drivers
v0x55e573788560_0 .net "opB", 31 0, v0x55e573788f20_0;  1 drivers
E_0x55e57374df20/0 .event edge, v0x55e573787ea0_0, v0x55e573788050_0, v0x55e573788220_0, v0x55e573788480_0;
E_0x55e57374df20/1 .event edge, v0x55e573788560_0, v0x55e573787f60_0, v0x55e5737680c0_0;
E_0x55e57374df20 .event/or E_0x55e57374df20/0, E_0x55e57374df20/1;
    .scope S_0x55e573767d50;
T_0 ;
    %wait E_0x55e57374df20;
    %load/vec4 v0x55e573787ea0_0;
    %load/vec4 v0x55e573788050_0;
    %concat/vec4; draw_concat_vec4
    %dup/vec4;
    %pushi/vec4 2, 0, 2;
    %cmp/u;
    %jmp/1 T_0.0, 6;
    %dup/vec4;
    %pushi/vec4 1, 0, 2;
    %cmp/u;
    %jmp/1 T_0.1, 6;
    %dup/vec4;
    %pushi/vec4 3, 0, 2;
    %cmp/u;
    %jmp/1 T_0.2, 6;
    %pushi/vec4 0, 0, 32;
    %store/vec4 v0x55e573787f60_0, 0, 32;
    %pushi/vec4 0, 0, 1;
    %store/vec4 v0x55e5737680c0_0, 0, 1;
    %pushi/vec4 0, 0, 1;
    %store/vec4 v0x55e573788300_0, 0, 1;
    %pushi/vec4 0, 0, 1;
    %store/vec4 v0x55e573788110_0, 0, 1;
    %pushi/vec4 1, 0, 1;
    %store/vec4 v0x55e5737883c0_0, 0, 1;
    %jmp T_0.4;
T_0.0 ;
    %load/vec4 v0x55e573788220_0;
    %parti/s 1, 3, 3;
    %replicate 31;
    %pad/u 32;
    %load/vec4 v0x55e573788480_0;
    %and;
    %load/vec4 v0x55e573788560_0;
    %and;
    %load/vec4 v0x55e573788220_0;
    %parti/s 1, 2, 3;
    %replicate 31;
    %pad/u 32;
    %load/vec4 v0x55e573788480_0;
    %and;
    %load/vec4 v0x55e573788560_0;
    %inv;
    %and;
    %or;
    %load/vec4 v0x55e573788220_0;
    %parti/s 1, 1, 2;
    %replicate 31;
    %pad/u 32;
    %load/vec4 v0x55e573788480_0;
    %inv;
    %and;
    %load/vec4 v0x55e573788560_0;
    %and;
    %or;
    %load/vec4 v0x55e573788220_0;
    %parti/s 1, 0, 2;
    %replicate 31;
    %pad/u 32;
    %load/vec4 v0x55e573788480_0;
    %inv;
    %and;
    %load/vec4 v0x55e573788560_0;
    %inv;
    %and;
    %or;
    %store/vec4 v0x55e573787f60_0, 0, 32;
    %pushi/vec4 0, 0, 1;
    %store/vec4 v0x55e5737680c0_0, 0, 1;
    %pushi/vec4 0, 0, 1;
    %store/vec4 v0x55e573788300_0, 0, 1;
    %load/vec4 v0x55e573787f60_0;
    %parti/s 1, 31, 6;
    %store/vec4 v0x55e573788110_0, 0, 1;
    %jmp T_0.4;
T_0.1 ;
    %pushi/vec4 0, 0, 1;
    %load/vec4 v0x55e573788480_0;
    %concat/vec4; draw_concat_vec4
    %pushi/vec4 0, 0, 1;
    %load/vec4 v0x55e573788560_0;
    %concat/vec4; draw_concat_vec4
    %add;
    %split/vec4 32;
    %store/vec4 v0x55e573787f60_0, 0, 32;
    %store/vec4 v0x55e5737680c0_0, 0, 1;
    %load/vec4 v0x55e5737680c0_0;
    %load/vec4 v0x55e573787f60_0;
    %parti/s 1, 31, 6;
    %xor;
    %store/vec4 v0x55e573788300_0, 0, 1;
    %load/vec4 v0x55e573787f60_0;
    %parti/s 1, 31, 6;
    %store/vec4 v0x55e573788110_0, 0, 1;
    %jmp T_0.4;
T_0.2 ;
    %pushi/vec4 0, 0, 1;
    %load/vec4 v0x55e573788480_0;
    %concat/vec4; draw_concat_vec4
    %pushi/vec4 0, 0, 1;
    %load/vec4 v0x55e573788560_0;
    %concat/vec4; draw_concat_vec4
    %inv;
    %add;
    %addi 1, 0, 33;
    %split/vec4 32;
    %store/vec4 v0x55e573787f60_0, 0, 32;
    %store/vec4 v0x55e5737680c0_0, 0, 1;
    %load/vec4 v0x55e5737680c0_0;
    %load/vec4 v0x55e573787f60_0;
    %parti/s 1, 31, 6;
    %xor;
    %store/vec4 v0x55e573788300_0, 0, 1;
    %load/vec4 v0x55e573787f60_0;
    %parti/s 1, 31, 6;
    %store/vec4 v0x55e573788110_0, 0, 1;
    %jmp T_0.4;
T_0.4 ;
    %pop/vec4 1;
    %load/vec4 v0x55e573787f60_0;
    %pushi/vec4 0, 0, 32;
    %cmp/e;
    %flag_get/vec4 4;
    %store/vec4 v0x55e5737883c0_0, 0, 1;
    %jmp T_0;
    .thread T_0, $push;
    .scope S_0x55e573767bd0;
T_1 ;
    %pushi/vec4 1, 0, 32;
    %store/vec4 v0x55e573788e50_0, 0, 32;
    %pushi/vec4 1, 0, 32;
    %store/vec4 v0x55e573788f20_0, 0, 32;
    %pushi/vec4 0, 0, 4;
    %store/vec4 v0x55e573788be0_0, 0, 4;
    %pushi/vec4 0, 0, 1;
    %store/vec4 v0x55e573788a70_0, 0, 1;
    %pushi/vec4 0, 0, 1;
    %store/vec4 v0x55e5737888a0_0, 0, 1;
    %delay 100, 0;
    %pushi/vec4 9, 0, 4;
    %store/vec4 v0x55e573788be0_0, 0, 4;
    %pushi/vec4 1, 0, 32;
    %store/vec4 v0x55e573788e50_0, 0, 32;
    %pushi/vec4 1, 0, 32;
    %store/vec4 v0x55e573788f20_0, 0, 32;
    %pushi/vec4 1, 0, 1;
    %store/vec4 v0x55e573788a70_0, 0, 1;
    %pushi/vec4 0, 0, 1;
    %store/vec4 v0x55e5737888a0_0, 0, 1;
    %delay 10, 0;
    %vpi_call 2 51 "$display", "Add Test: %d+%d=%d", v0x55e573788e50_0, v0x55e573788f20_0, v0x55e573788970_0 {0 0 0};
    %vpi_call 2 52 "$display", "C: %d, V: %d, N: %d, Z: %d", v0x55e5737887e0_0, v0x55e573788cb0_0, v0x55e573788b40_0, v0x55e573788d80_0 {0 0 0};
    %pushi/vec4 9, 0, 4;
    %store/vec4 v0x55e573788be0_0, 0, 4;
    %pushi/vec4 4026531841, 0, 32;
    %store/vec4 v0x55e573788e50_0, 0, 32;
    %pushi/vec4 4026531841, 0, 32;
    %store/vec4 v0x55e573788f20_0, 0, 32;
    %pushi/vec4 1, 0, 1;
    %store/vec4 v0x55e573788a70_0, 0, 1;
    %pushi/vec4 0, 0, 1;
    %store/vec4 v0x55e5737888a0_0, 0, 1;
    %delay 10, 0;
    %vpi_call 2 61 "$display", "Carry Test: %d+%d=%d", v0x55e573788e50_0, v0x55e573788f20_0, v0x55e573788970_0 {0 0 0};
    %vpi_call 2 62 "$display", "C: %d, V: %d, N: %d, Z: %d", v0x55e5737887e0_0, v0x55e573788cb0_0, v0x55e573788b40_0, v0x55e573788d80_0 {0 0 0};
    %pushi/vec4 9, 0, 4;
    %store/vec4 v0x55e573788be0_0, 0, 4;
    %pushi/vec4 2684354561, 0, 32;
    %store/vec4 v0x55e573788e50_0, 0, 32;
    %pushi/vec4 2684354561, 0, 32;
    %store/vec4 v0x55e573788f20_0, 0, 32;
    %pushi/vec4 1, 0, 1;
    %store/vec4 v0x55e573788a70_0, 0, 1;
    %pushi/vec4 0, 0, 1;
    %store/vec4 v0x55e5737888a0_0, 0, 1;
    %delay 10, 0;
    %vpi_call 2 71 "$display", "Overflow Test: %d+%d=%d", v0x55e573788e50_0, v0x55e573788f20_0, v0x55e573788970_0 {0 0 0};
    %vpi_call 2 72 "$display", "C: %d, V: %d, N: %d, Z: %d", v0x55e5737887e0_0, v0x55e573788cb0_0, v0x55e573788b40_0, v0x55e573788d80_0 {0 0 0};
    %pushi/vec4 9, 0, 4;
    %store/vec4 v0x55e573788be0_0, 0, 4;
    %pushi/vec4 0, 0, 32;
    %store/vec4 v0x55e573788e50_0, 0, 32;
    %pushi/vec4 0, 0, 32;
    %store/vec4 v0x55e573788f20_0, 0, 32;
    %pushi/vec4 1, 0, 1;
    %store/vec4 v0x55e573788a70_0, 0, 1;
    %pushi/vec4 0, 0, 1;
    %store/vec4 v0x55e5737888a0_0, 0, 1;
    %delay 10, 0;
    %vpi_call 2 81 "$display", "Zero Test: %d+%d=%d", v0x55e573788e50_0, v0x55e573788f20_0, v0x55e573788970_0 {0 0 0};
    %vpi_call 2 82 "$display", "C: %d, V: %d, N: %d, Z: %d", v0x55e5737887e0_0, v0x55e573788cb0_0, v0x55e573788b40_0, v0x55e573788d80_0 {0 0 0};
    %pushi/vec4 3, 0, 4;
    %store/vec4 v0x55e573788be0_0, 0, 4;
    %pushi/vec4 2, 0, 32;
    %store/vec4 v0x55e573788e50_0, 0, 32;
    %pushi/vec4 1, 0, 32;
    %store/vec4 v0x55e573788f20_0, 0, 32;
    %pushi/vec4 1, 0, 1;
    %store/vec4 v0x55e573788a70_0, 0, 1;
    %pushi/vec4 1, 0, 1;
    %store/vec4 v0x55e5737888a0_0, 0, 1;
    %delay 10, 0;
    %vpi_call 2 91 "$display", "Subtract Test: %d - %d = %d", v0x55e573788e50_0, v0x55e573788f20_0, v0x55e573788970_0 {0 0 0};
    %vpi_call 2 92 "$display", "C: %d, V: %d, N: %d, Z: %d", v0x55e5737887e0_0, v0x55e573788cb0_0, v0x55e573788b40_0, v0x55e573788d80_0 {0 0 0};
    %pushi/vec4 8, 0, 4;
    %store/vec4 v0x55e573788be0_0, 0, 4;
    %pushi/vec4 15, 0, 32;
    %store/vec4 v0x55e573788e50_0, 0, 32;
    %pushi/vec4 1, 0, 32;
    %store/vec4 v0x55e573788f20_0, 0, 32;
    %pushi/vec4 0, 0, 1;
    %store/vec4 v0x55e573788a70_0, 0, 1;
    %pushi/vec4 1, 0, 1;
    %store/vec4 v0x55e5737888a0_0, 0, 1;
    %delay 10, 0;
    %vpi_call 2 101 "$display", "And Test: %d & %d = %d", v0x55e573788e50_0, v0x55e573788f20_0, v0x55e573788970_0 {0 0 0};
    %vpi_call 2 102 "$display", "C: %d, V: %d, N: %d, Z: %d", v0x55e5737887e0_0, v0x55e573788cb0_0, v0x55e573788b40_0, v0x55e573788d80_0 {0 0 0};
    %pushi/vec4 14, 0, 4;
    %store/vec4 v0x55e573788be0_0, 0, 4;
    %pushi/vec4 15, 0, 32;
    %store/vec4 v0x55e573788e50_0, 0, 32;
    %pushi/vec4 1, 0, 32;
    %store/vec4 v0x55e573788f20_0, 0, 32;
    %pushi/vec4 0, 0, 1;
    %store/vec4 v0x55e573788a70_0, 0, 1;
    %pushi/vec4 1, 0, 1;
    %store/vec4 v0x55e5737888a0_0, 0, 1;
    %delay 10, 0;
    %vpi_call 2 111 "$display", "Or Test: %d | %d = %d", v0x55e573788e50_0, v0x55e573788f20_0, v0x55e573788970_0 {0 0 0};
    %vpi_call 2 112 "$display", "C: %d, V: %d, N: %d, Z: %d", v0x55e5737887e0_0, v0x55e573788cb0_0, v0x55e573788b40_0, v0x55e573788d80_0 {0 0 0};
    %pushi/vec4 6, 0, 4;
    %store/vec4 v0x55e573788be0_0, 0, 4;
    %pushi/vec4 15, 0, 32;
    %store/vec4 v0x55e573788e50_0, 0, 32;
    %pushi/vec4 1, 0, 32;
    %store/vec4 v0x55e573788f20_0, 0, 32;
    %pushi/vec4 0, 0, 1;
    %store/vec4 v0x55e573788a70_0, 0, 1;
    %pushi/vec4 1, 0, 1;
    %store/vec4 v0x55e5737888a0_0, 0, 1;
    %delay 10, 0;
    %vpi_call 2 121 "$display", "Xor Test: %d ^ %d = %d", v0x55e573788e50_0, v0x55e573788f20_0, v0x55e573788970_0 {0 0 0};
    %vpi_call 2 122 "$display", "C: %d, V: %d, N: %d, Z: %d", v0x55e5737887e0_0, v0x55e573788cb0_0, v0x55e573788b40_0, v0x55e573788d80_0 {0 0 0};
    %pushi/vec4 7, 0, 4;
    %store/vec4 v0x55e573788be0_0, 0, 4;
    %pushi/vec4 15, 0, 32;
    %store/vec4 v0x55e573788e50_0, 0, 32;
    %pushi/vec4 1, 0, 32;
    %store/vec4 v0x55e573788f20_0, 0, 32;
    %pushi/vec4 0, 0, 1;
    %store/vec4 v0x55e573788a70_0, 0, 1;
    %pushi/vec4 1, 0, 1;
    %store/vec4 v0x55e5737888a0_0, 0, 1;
    %delay 10, 0;
    %vpi_call 2 131 "$display", "Nand Test: %d nand %d = %d", v0x55e573788e50_0, v0x55e573788f20_0, v0x55e573788970_0 {0 0 0};
    %vpi_call 2 132 "$display", "C: %d, V: %d, N: %d, Z: %d", v0x55e5737887e0_0, v0x55e573788cb0_0, v0x55e573788b40_0, v0x55e573788d80_0 {0 0 0};
    %pushi/vec4 1, 0, 4;
    %store/vec4 v0x55e573788be0_0, 0, 4;
    %pushi/vec4 15, 0, 32;
    %store/vec4 v0x55e573788e50_0, 0, 32;
    %pushi/vec4 1, 0, 32;
    %store/vec4 v0x55e573788f20_0, 0, 32;
    %pushi/vec4 0, 0, 1;
    %store/vec4 v0x55e573788a70_0, 0, 1;
    %pushi/vec4 1, 0, 1;
    %store/vec4 v0x55e5737888a0_0, 0, 1;
    %delay 10, 0;
    %vpi_call 2 141 "$display", "Nor Test: %d nor %d = %d", v0x55e573788e50_0, v0x55e573788f20_0, v0x55e573788970_0 {0 0 0};
    %vpi_call 2 142 "$display", "C: %d, V: %d, N: %d, Z: %d", v0x55e5737887e0_0, v0x55e573788cb0_0, v0x55e573788b40_0, v0x55e573788d80_0 {0 0 0};
    %pushi/vec4 12, 0, 4;
    %store/vec4 v0x55e573788be0_0, 0, 4;
    %pushi/vec4 15, 0, 32;
    %store/vec4 v0x55e573788e50_0, 0, 32;
    %pushi/vec4 1, 0, 32;
    %store/vec4 v0x55e573788f20_0, 0, 32;
    %pushi/vec4 0, 0, 1;
    %store/vec4 v0x55e573788a70_0, 0, 1;
    %pushi/vec4 1, 0, 1;
    %store/vec4 v0x55e5737888a0_0, 0, 1;
    %delay 10, 0;
    %vpi_call 2 151 "$display", "transfer A Test: %d op %d = %d", v0x55e573788e50_0, v0x55e573788f20_0, v0x55e573788970_0 {0 0 0};
    %vpi_call 2 152 "$display", "C: %d, V: %d, N: %d, Z: %d", v0x55e5737887e0_0, v0x55e573788cb0_0, v0x55e573788b40_0, v0x55e573788d80_0 {0 0 0};
    %delay 10, 0;
    %vpi_call 2 156 "$finish" {0 0 0};
    %end;
    .thread T_1;
# The file index is used to find the file name in the following table.
:file_names 4;
    "N/A";
    "<interactive>";
    "ALU_tb.v";
    "ALU.v";
